#
# There is insufficient memory for the Java Runtime Environment to continue.
# Native memory allocation (mmap) failed to map 1677721600 bytes for G1 virtual space
# Possible reasons:
#   The system is out of physical RAM or swap space
#   The process is running with CompressedOops enabled, and the Java Heap may be blocking the growth of the native heap
# Possible solutions:
#   Reduce memory load on the system
#   Increase physical memory or swap space
#   Check if swap backing store is full
#   Decrease Java heap size (-Xmx/-Xms)
#   Decrease number of Java threads
#   Decrease Java thread stack sizes (-Xss)
#   Set larger code cache with -XX:ReservedCodeCacheSize=
#   JVM is running with Unscaled Compressed Oops mode in which the Java heap is
#     placed in the first 4GB address space. The Java Heap base address is the
#     maximum limit for the native heap growth. Please use -XX:HeapBaseMinAddress
#     to set the Java Heap base and to place the Java Heap above 4GB virtual address.
# This output file may be truncated or incomplete.
#
#  Out of Memory Error (os_windows.cpp:3466), pid=4032, tid=4308
#
# JRE version:  (16.0.2+7) (build )
# Java VM: Java HotSpot(TM) 64-Bit Server VM (16.0.2+7-67, mixed mode, sharing, tiered, compressed oops, compressed class ptrs, g1 gc, windows-amd64)
# No core dump will be written. Minidumps are not enabled by default on client versions of Windows
#

---------------  S U M M A R Y ------------

Command Line: -Dfile.encoding=UTF-8 -Xms1600m QuanLySanPham

Host: Intel(R) Core(TM) i5-4200U CPU @ 1.60GHz, 4 cores, 3G,  Windows 10 , 64 bit Build 19041 (10.0.19041.1348)
Time: Fri Dec 31 22:51:02 2021 SE Asia Standard Time elapsed time: 0.162830 seconds (0d 0h 0m 0s)

---------------  T H R E A D  ---------------

Current thread (0x000002287f389270):  JavaThread "Unknown thread" [_thread_in_vm, id=4308, stack(0x000000b558f00000,0x000000b559000000)]

Stack: [0x000000b558f00000,0x000000b559000000]
Native frames: (J=compiled Java code, j=interpreted, Vv=VM code, C=native code)
V  [jvm.dll+0x6681ca]
V  [jvm.dll+0x7c9e69]
V  [jvm.dll+0x7cb61e]
V  [jvm.dll+0x7cbc73]
V  [jvm.dll+0x242c55]
V  [jvm.dll+0x664f89]
V  [jvm.dll+0x659b75]
V  [jvm.dll+0x2fbfbb]
V  [jvm.dll+0x3031b6]
V  [jvm.dll+0x35299e]
V  [jvm.dll+0x352bcf]
V  [jvm.dll+0x2d3028]
V  [jvm.dll+0x2d4264]
V  [jvm.dll+0x79c741]
V  [jvm.dll+0x360791]
V  [jvm.dll+0x77a3f0]
V  [jvm.dll+0x3e4e8f]
V  [jvm.dll+0x3e6961]
C  [jli.dll+0x52fb]
C  [ucrtbase.dll+0x21bb2]
C  [KERNEL32.DLL+0x17034]
C  [ntdll.dll+0x52651]


---------------  P R O C E S S  ---------------

Threads class SMR info:
_java_thread_list=0x00007fff23bacbb8, length=0, elements={
}

Java Threads: ( => current thread )

Other Threads:
  0x000002287f3c11f0 GCTaskThread "GC Thread#0" [stack: 0x000000b559000000,0x000000b559100000] [id=10412]
  0x000002287f3d0ed0 ConcurrentGCThread "G1 Main Marker" [stack: 0x000000b559100000,0x000000b559200000] [id=1632]
  0x000002287f3d30f0 ConcurrentGCThread "G1 Conc#0" [stack: 0x000000b559200000,0x000000b559300000] [id=7876]

[error occurred during error reporting (printing all threads), id 0xc0000005, EXCEPTION_ACCESS_VIOLATION (0xc0000005) at pc=0x00007fff23383ee7]

VM state: not at safepoint (not fully initialized)

VM Mutex/Monitor currently owned by a thread:  ([mutex/lock_event])
[0x000002287f385490] Heap_lock - owner thread: 0x000002287f389270

Heap address: 0x000000009c000000, size: 1600 MB, Compressed Oops mode: 32-bit

CDS archive(s) mapped at: [0x0000000000000000-0x0000000000000000-0x0000000000000000), size 0, SharedBaseAddress: 0x0000000800000000, ArchiveRelocationMode: 0.
Narrow klass base: 0x0000000000000000, Narrow klass shift: 0, Narrow klass range: 0x0

GC Precious Log:
<Empty>

Heap:
 garbage-first heap   total 0K, used 0K [0x000000009c000000, 0x0000000100000000)
  region size 1024K, 0 young (0K), 0 survivors (0K)

[error occurred during error reporting (printing heap information), id 0xc0000005, EXCEPTION_ACCESS_VIOLATION (0xc0000005) at pc=0x00007fff23761eed]

GC Heap History (0 events):
No events

Deoptimization events (0 events):
No events

Classes unloaded (0 events):
No events

Classes redefined (0 events):
No events

Internal exceptions (0 events):
No events

Events (1 events):
Event: 0.008 Loaded shared library C:\Program Files\Java\jdk-16.0.2\bin\java.dll


Dynamic libraries:
0x00007ff778d10000 - 0x00007ff778d20000 	C:\Program Files\Java\jdk-16.0.2\bin\java.exe
0x00007fff6df50000 - 0x00007fff6e145000 	C:\Windows\SYSTEM32\ntdll.dll
0x00007fff6c840000 - 0x00007fff6c8fe000 	C:\Windows\System32\KERNEL32.DLL
0x00007fff6b7c0000 - 0x00007fff6ba88000 	C:\Windows\System32\KERNELBASE.dll
0x00007fff6ba90000 - 0x00007fff6bb90000 	C:\Windows\System32\ucrtbase.dll
0x00007fff478f0000 - 0x00007fff47908000 	C:\Program Files\Java\jdk-16.0.2\bin\jli.dll
0x00007fff62610000 - 0x00007fff62629000 	C:\Program Files\Java\jdk-16.0.2\bin\VCRUNTIME140.dll
0x00007fff6dd00000 - 0x00007fff6ddac000 	C:\Windows\System32\ADVAPI32.dll
0x00007fff6da00000 - 0x00007fff6da9e000 	C:\Windows\System32\msvcrt.dll
0x00007fff6cff0000 - 0x00007fff6d08b000 	C:\Windows\System32\sechost.dll
0x00007fff6dde0000 - 0x00007fff6df0a000 	C:\Windows\System32\RPCRT4.dll
0x00007fff6daa0000 - 0x00007fff6dc41000 	C:\Windows\System32\USER32.dll
0x00007fff5d220000 - 0x00007fff5d4ba000 	C:\Windows\WinSxS\amd64_microsoft.windows.common-controls_6595b64144ccf1df_6.0.19041.1110_none_60b5254171f9507e\COMCTL32.dll
0x00007fff6be10000 - 0x00007fff6be32000 	C:\Windows\System32\win32u.dll
0x00007fff6ddb0000 - 0x00007fff6dddb000 	C:\Windows\System32\GDI32.dll
0x00007fff6b6b0000 - 0x00007fff6b7bd000 	C:\Windows\System32\gdi32full.dll
0x00007fff6bef0000 - 0x00007fff6bf8d000 	C:\Windows\System32\msvcp_win.dll
0x00007fff5e8e0000 - 0x00007fff5e8ea000 	C:\Windows\SYSTEM32\VERSION.dll
0x00007fff6d710000 - 0x00007fff6d740000 	C:\Windows\System32\IMM32.DLL
0x00007fff670d0000 - 0x00007fff670dc000 	C:\Program Files\Java\jdk-16.0.2\bin\vcruntime140_1.dll
0x00007fff420b0000 - 0x00007fff42141000 	C:\Program Files\Java\jdk-16.0.2\bin\msvcp140.dll
0x00007fff230a0000 - 0x00007fff23c4b000 	C:\Program Files\Java\jdk-16.0.2\bin\server\jvm.dll
0x00007fff6d8b0000 - 0x00007fff6d8b8000 	C:\Windows\System32\PSAPI.DLL
0x00007fff5e8b0000 - 0x00007fff5e8d7000 	C:\Windows\SYSTEM32\WINMM.dll
0x00007fff4bfd0000 - 0x00007fff4bfd9000 	C:\Windows\SYSTEM32\WSOCK32.dll
0x00007fff6d840000 - 0x00007fff6d8ab000 	C:\Windows\System32\WS2_32.dll
0x00007fff69ee0000 - 0x00007fff69ef2000 	C:\Windows\SYSTEM32\kernel.appcore.dll
0x00007fff648f0000 - 0x00007fff648fa000 	C:\Program Files\Java\jdk-16.0.2\bin\jimage.dll
0x00007fff69bd0000 - 0x00007fff69db4000 	C:\Windows\SYSTEM32\DBGHELP.DLL
0x00007fff58270000 - 0x00007fff5829c000 	C:\Windows\SYSTEM32\dbgcore.DLL
0x00007fff6bd80000 - 0x00007fff6be02000 	C:\Windows\System32\bcryptPrimitives.dll
0x00007fff5d7c0000 - 0x00007fff5d7e5000 	C:\Program Files\Java\jdk-16.0.2\bin\java.dll

dbghelp: loaded successfully - version: 4.0.5 - missing functions: none
symbol engine: initialized successfully - sym options: 0x614 - pdb path: .;C:\Program Files\Java\jdk-16.0.2\bin;C:\Windows\SYSTEM32;C:\Windows\WinSxS\amd64_microsoft.windows.common-controls_6595b64144ccf1df_6.0.19041.1110_none_60b5254171f9507e;C:\Program Files\Java\jdk-16.0.2\bin\server

VM Arguments:
jvm_args: -Dfile.encoding=UTF-8 -Xms1600m 
java_command: QuanLySanPham
java_class_path (initial): C:\Program Files (x86)\NetBeans-12.5\netbeans\java\modules\ext\AbsoluteLayout.jar;C:\Users\84978\Downloads\sqljdbc_9.4.0.0_enu\sqljdbc_9.4\enu\mssql-jdbc-9.4.0.jre16.jar;C:\Users\84978\Documents\GitHub\QuanLyCuaHang\build\classes
Launcher Type: SUN_STANDARD

[Global flags]
     intx CICompilerCount                          = 3                                         {product} {ergonomic}
     uint ConcGCThreads                            = 1                                         {product} {ergonomic}
     uint G1ConcRefinementThreads                  = 4                                         {product} {ergonomic}
   size_t G1HeapRegionSize                         = 1048576                                   {product} {ergonomic}
    uintx GCDrainStackTargetSize                   = 64                                        {product} {ergonomic}
   size_t InitialHeapSize                          = 1677721600                                {product} {command line}
   size_t MarkStackSize                            = 4194304                                   {product} {ergonomic}
   size_t MaxHeapSize                              = 1677721600                                {product} {ergonomic}
   size_t MinHeapDeltaBytes                        = 1048576                                   {product} {ergonomic}
   size_t MinHeapSize                              = 1677721600                                {product} {command line}
    uintx NonNMethodCodeHeapSize                   = 5832780                                {pd product} {ergonomic}
    uintx NonProfiledCodeHeapSize                  = 122912730                              {pd product} {ergonomic}
    uintx ProfiledCodeHeapSize                     = 122912730                              {pd product} {ergonomic}
    uintx ReservedCodeCacheSize                    = 251658240                              {pd product} {ergonomic}
     bool SegmentedCodeCache                       = true                                      {product} {ergonomic}
   size_t SoftMaxHeapSize                          = 1677721600                             {manageable} {ergonomic}
     bool UseCompressedClassPointers               = true                           {product lp64_product} {ergonomic}
     bool UseCompressedOops                        = true                           {product lp64_product} {ergonomic}
     bool UseG1GC                                  = true                                      {product} {ergonomic}
     bool UseLargePagesIndividualAllocation        = false                                  {pd product} {ergonomic}

Logging:
Log output configuration:
 #0: stdout all=warning uptime,level,tags
 #1: stderr all=off uptime,level,tags

Environment Variables:
JAVA_HOME=C:\Program Files\Eclipse Adoptium\jdk-8.0.312.7-hotspot
PATH=C:\Program Files\Eclipse Adoptium\jre-8.0.312.7-hotspot\bin;C:\Program Files\Eclipse Adoptium\jdk-8.0.312.7-hotspot\bin;C:\Program Files\Eclipse Foundation\jdk-16.0.2.7-hotspot\bin;C:\Program Files\Common Files\Oracle\Java\javapath;C:\Program Files (x86)\Common Files\Oracle\Java\javapath;C:\Windows\system32;C:\Windows;C:\Windows\System32\Wbem;C:\Windows\System32\WindowsPowerShell\v1.0\;C:\Windows\System32\OpenSSH\;C:\Program Files\Microsoft SQL Server\Client SDK\ODBC\170\Tools\Binn\;C:\Program Files (x86)\Microsoft SQL Server\150\Tools\Binn\;C:\Program Files\Microsoft SQL Server\150\Tools\Binn\;C:\Program Files\Microsoft SQL Server\150\DTS\Binn\;C:\Program Files (x86)\Microsoft SQL Server\150\DTS\Binn\;C:\Program Files\Azure Data Studio\bin;C:\Program Files\Java\jdk-16.0.2\bin;C:\msys64\mingw64\bin;C:\Program Files\Git\cmd;C:\Program Files\dotnet\;C:\Program Files\Microsoft SQL Server\130\Tools\Binn\;C:\Program Files (x86)\Microsoft SQL Server\110\DTS\Binn\;C:\Program Files (x86)\Microsoft SQL Server\120\DTS\Binn\;C:\Program Files (x86)\Microsoft SQL Server\130\DTS\Binn\;C:\Program Files (x86)\Microsoft SQL Server\140\DTS\Binn\;C:\apache-tomcat-8.5.73\bin;C:\Program Files\MySQL\MySQL Shell 8.0\bin\;C:\Users\84978\AppData\Local\Microsoft\WindowsApps;C:\Program Files\Azure Data Studio\bin;C:\Users\84978\AppData\Local\GitHubDesktop\bin;C:\Users\84978\AppData\Local\Programs\Microsoft VS Code\bin;C:\msys64\mingw64\bin;C:\Users\84978\.dotnet\tools
USERNAME=84978
OS=Windows_NT
PROCESSOR_IDENTIFIER=Intel64 Family 6 Model 69 Stepping 1, GenuineIntel



---------------  S Y S T E M  ---------------

OS:
 Windows 10 , 64 bit Build 19041 (10.0.19041.1348)
OS uptime: 2 days 13:40 hours

CPU: total 4 (initial active 4) (2 cores per cpu, 2 threads per core) family 6 model 69 stepping 1 microcode 0x25, cx8, cmov, fxsr, ht, mmx, sse, sse2, sse3, ssse3, sse4.1, sse4.2, popcnt, lzcnt, tsc, tscinvbit, avx, avx2, aes, erms, clmul, bmi1, bmi2, fma, vzeroupper, clflush

Memory: 4k page, system-wide physical 3979M (649M free)
TotalPageFile size 15954M (AvailPageFile size 1286M)
current process WorkingSet (physical memory assigned to process): 9M, peak: 9M
current process commit charge ("private bytes"): 51M, peak: 1651M

vm_info: Java HotSpot(TM) 64-Bit Server VM (16.0.2+7-67) for windows-amd64 JRE (16.0.2+7-67), built on Jun  8 2021 23:24:19 by "mach5one" with MS VC++ 16.7 (VS2019)

END.
